Date: 2017-04-30 10:18:49
2
Invalid argument supplied for foreach()
/home/gutsout/h/gos_sendbox/learning/zend_cert/Error_Handling/index.php
10
Array
====================================================================================================

Date: 2017-04-30 10:19:50
2
Invalid argument supplied for foreach()
/home/gutsout/h/gos_sendbox/learning/zend_cert/Error_Handling/index.php
10
Array
====================================================================================================

Date: 2017-04-30 10:19:52
2
Invalid argument supplied for foreach()
/home/gutsout/h/gos_sendbox/learning/zend_cert/Error_Handling/index.php
10
Array
====================================================================================================

Date: 2017-04-30 10:20:00
2
Invalid argument supplied for foreach()
/home/gutsout/h/gos_sendbox/learning/zend_cert/Error_Handling/index.php
10
Array
====================================================================================================

Date: 2017-04-30 10:20:06
2
Invalid argument supplied for foreach()
/home/gutsout/h/gos_sendbox/learning/zend_cert/Error_Handling/index.php
10
Array
====================================================================================================

Date: 2017-04-30 10:20:12
2
Invalid argument supplied for foreach()
/home/gutsout/h/gos_sendbox/learning/zend_cert/Error_Handling/index.php
10
Array
====================================================================================================

Date: 2017-04-30 10:37:29
2
Invalid argument supplied for foreach()
/home/gutsout/h/gos_sendbox/learning/zend_cert/Error_Handling/index.php
10
Array
====================================================================================================

