stdClass Object
(
    [messageList] => stdClass Object
        (
            [messages] => stdClass Object
                (
                    [BOGUS] => Array
                        (
                            [0] => stdClass Object
                                (
                                    [phone] => +375291111111
                                    [text] => test message
                                    [date] => 2017-04-20 15:31:03
                                    [type] => 15
                                )

                            [1] => stdClass Object
                                (
                                    [phone] => +375292222222
                                    [text] => test message2
                                    [date] => 2017-04-20 15:31:03
                                    [type] => 16
                                )

                            [2] => stdClass Object
                                (
                                    [phone] => +375293333333
                                    [text] => test message3
                                    [date] => 2017-04-20 15:31:03
                                    [type] => 17
                                )

                        )

                )

        )

)
In sms service2017-04-20 15:31:17
stdClass Object
(
    [messageList] => stdClass Object
        (
            [messages] => stdClass Object
                (
                    [BOGUS] => Array
                        (
                            [0] => stdClass Object
                                (
                                    [phone] => +375291111111
                                    [text] => test message
                                    [date] => 2017-04-20 15:31:17
                                    [type] => 15
                                )

                            [1] => stdClass Object
                                (
                                    [phone] => +375292222222
                                    [text] => test message2
                                    [date] => 2017-04-20 15:31:17
                                    [type] => 16
                                )

                            [2] => stdClass Object
                                (
                                    [phone] => +375293333333
                                    [text] => test message3
                                    [date] => 2017-04-20 15:31:17
                                    [type] => 17
                                )

                        )

                )

        )

)
In sms service2017-04-20 15:31:19
stdClass Object
(
    [messageList] => stdClass Object
        (
            [messages] => stdClass Object
                (
                    [BOGUS] => Array
                        (
                            [0] => stdClass Object
                                (
                                    [phone] => +375291111111
                                    [text] => test message
                                    [date] => 2017-04-20 15:31:19
                                    [type] => 15
                                )

                            [1] => stdClass Object
                                (
                                    [phone] => +375292222222
                                    [text] => test message2
                                    [date] => 2017-04-20 15:31:19
                                    [type] => 16
                                )

                            [2] => stdClass Object
                                (
                                    [phone] => +375293333333
                                    [text] => test message3
                                    [date] => 2017-04-20 15:31:19
                                    [type] => 17
                                )

                        )

                )

        )

)
In sms service2017-04-20 15:34:45
stdClass Object
(
    [messageList] => stdClass Object
        (
            [messages] => stdClass Object
                (
                    [BOGUS] => Array
                        (
                            [0] => stdClass Object
                                (
                                    [phone] => +375291111111
                                    [text] => test message
                                    [date] => 2017-04-20 15:34:45
                                    [type] => 15
                                )

                            [1] => stdClass Object
                                (
                                    [phone] => +375292222222
                                    [text] => test message2
                                    [date] => 2017-04-20 15:34:45
                                    [type] => 16
                                )

                            [2] => stdClass Object
                                (
                                    [phone] => +375293333333
                                    [text] => test message3
                                    [date] => 2017-04-20 15:34:45
                                    [type] => 17
                                )

                        )

                )

        )

)
In sms service2017-04-20 15:35:04
<?xml version="1.0" encoding="UTF-8"?>
<env:Envelope xmlns:env="http://www.w3.org/2003/05/soap-envelope" xmlns:ns1="http://gutsout.web:8080/"><env:Body><ns1:Request><ns1:messageList><messages><BOGUS><phone>+375291111111</phone><text>test message</text><date>2017-04-20 15:35:04</date><type>15</type></BOGUS><BOGUS><phone>+375292222222</phone><text>test message2</text><date>2017-04-20 15:35:04</date><type>16</type></BOGUS><BOGUS><phone>+375293333333</phone><text>test message3</text><date>2017-04-20 15:35:04</date><type>17</type></BOGUS></messages></ns1:messageList></ns1:Request></env:Body></env:Envelope>
